<?xml version="1.0" encoding="UTF-8"?>
<testsuite xmlns:xsi="http://www.w3.org/2001/XMLSchema-instance" xsi:noNamespaceSchemaLocation="https://maven.apache.org/surefire/maven-surefire-plugin/xsd/surefire-test-report.xsd" version="3.0.2" name="TestSuite" time="20.635" tests="3" errors="0" skipped="0" failures="0">
  <properties>
[...]
</properties>
  <testcase name="checkAbleToDeleteTodoTask" classname="com.qacart.todo.testcases.DeleteTodoTest" time="7.754">
    <system-out><![CDATA[Request method:	POST
Request URI:	https://qacart-todo.herokuapp.com/api/v1/users/register
Proxy:			<none>
Request params:	<none>
Query params:	<none>
Form params:	<none>
Path params:	<none>
Headers:		Accept=*/*
				Content-Type=application/json
Cookies:		<none>
Multiparts:		<none>
Body:
{
    "email": "onita.kuvalis@gmail.com",
    "firstName": "Ashleigh",
    "lastName": "Okuneva",
    "password": "ksla3fay"
}
HTTP/1.1 201 Created
Server: Cowboy
Report-To: {"group":"heroku-nel","max_age":3600,"endpoints":[{"url":"https://nel.heroku.com/reports?ts=1737382572&sid=812dcc77-0bd0-43b1-a5f1-b25750382959&s=2joRfo6%2FiPa36dDjYG58V7y%2BxlfLq01JmDeOKg1ub5o%3D"}]}
Reporting-Endpoints: heroku-nel=https://nel.heroku.com/reports?ts=1737382572&sid=812dcc77-0bd0-43b1-a5f1-b25750382959&s=2joRfo6%2FiPa36dDjYG58V7y%2BxlfLq01JmDeOKg1ub5o%3D
Nel: {"report_to":"heroku-nel","max_age":3600,"success_fraction":0.005,"failure_fraction":0.05,"response_headers":["Via"]}
Connection: keep-alive
X-Powered-By: Express
Access-Control-Allow-Origin: *
Set-Cookie: access_token=eyJhbGciOiJIUzI1NiIsInR5cCI6IkpXVCJ9.eyJpZCI6IjY3OGU1YWFjY2UxOWQyMDAxNDZjNDk1MyIsImZpcnN0TmFtZSI6IkFzaGxlaWdoIiwibGFzdE5hbWUiOiJPa3VuZXZhIiwiaWF0IjoxNzM3MzgyNTcyfQ.H2_C31LuhM_OYTi6qKoGyrpeWIWA6C6pFty_DGABawg; Path=/
Set-Cookie: userID=j%3A%22678e5aacce19d200146c4953%22; Path=/
Set-Cookie: firstName=Ashleigh; Path=/
Content-Type: application/json; charset=utf-8
Content-Length: 285
Etag: W/"11d-//yLfWwEQCBILQDx2Nl4BWEG654"
Date: Mon, 20 Jan 2025 14:16:12 GMT
Via: 1.1 vegur

{
    "access_token": "eyJhbGciOiJIUzI1NiIsInR5cCI6IkpXVCJ9.eyJpZCI6IjY3OGU1YWFjY2UxOWQyMDAxNDZjNDk1MyIsImZpcnN0TmFtZSI6IkFzaGxlaWdoIiwibGFzdE5hbWUiOiJPa3VuZXZhIiwiaWF0IjoxNzM3MzgyNTcyfQ.H2_C31LuhM_OYTi6qKoGyrpeWIWA6C6pFty_DGABawg",
    "userID": "678e5aacce19d200146c4953",
    "firstName": "Ashleigh"
}
]]></system-out>
    <system-err><![CDATA[SLF4J: Failed to load class "org.slf4j.impl.StaticLoggerBinder".
SLF4J: Defaulting to no-operation (NOP) logger implementation
SLF4J: See http://www.slf4j.org/codes.html#StaticLoggerBinder for further details.
Jan 20, 2025 4:16:07 PM org.openqa.selenium.devtools.CdpVersionFinder findNearestMatch
WARNING: Unable to find an exact match for CDP version 132, returning the closest version; found: 131; Please update to a Selenium version that supports CDP version 132
Jan 20, 2025 4:16:07 PM org.openqa.selenium.devtools.CdpVersionFinder findNearestMatch
WARNING: Unable to find an exact match for CDP version 132, returning the closest version; found: 131; Please update to a Selenium version that supports CDP version 132
]]></system-err>
  </testcase>
  <testcase name="shouldBeAbleLoginWithEmailAndPassword" classname="com.qacart.todo.testcases.LoginTest" time="8.801"/>
  <testcase name="addTodoItem" classname="com.qacart.todo.testcases.TodoTest" time="2.521">
    <system-err><![CDATA[Jan 20, 2025 4:16:17 PM org.openqa.selenium.devtools.CdpVersionFinder findNearestMatch
WARNING: Unable to find an exact match for CDP version 132, returning the closest version; found: 131; Please update to a Selenium version that supports CDP version 132
]]></system-err>
  </testcase>
</testsuite>