<?xml version="1.0" encoding="UTF-8"?>
<testng-results ignored="0" total="3" passed="3" failed="0" skipped="0">
  <reporter-output>
  </reporter-output>
  <suite started-at="2025-01-20T16:15:59 EET" name="Surefire suite" finished-at="2025-01-20T16:16:19 EET" duration-ms="20067">
    <groups>
    </groups>
    <test started-at="2025-01-20T16:15:59 EET" name="Surefire test" finished-at="2025-01-20T16:16:19 EET" duration-ms="20067">
      <class name="com.qacart.todo.testcases.DeleteTodoTest">
        <test-method is-config="true" signature="setup()[pri:0, instance:com.qacart.todo.testcases.DeleteTodoTest@654f0d9c]" started-at="2025-01-20T16:15:59 EET" name="setup" finished-at="2025-01-20T16:16:07 EET" duration-ms="8167" status="PASS">
          <reporter-output>
          </reporter-output>
        </test-method> <!-- setup -->
        <test-method signature="checkAbleToDeleteTodoTask()[pri:0, instance:com.qacart.todo.testcases.DeleteTodoTest@654f0d9c]" started-at="2025-01-20T16:16:08 EET" name="checkAbleToDeleteTodoTask" finished-at="2025-01-20T16:16:15 EET" duration-ms="7756" status="PASS">
          <reporter-output>
          </reporter-output>
        </test-method> <!-- checkAbleToDeleteTodoTask -->
        <test-method is-config="true" signature="tearDown()[pri:0, instance:com.qacart.todo.testcases.DeleteTodoTest@654f0d9c]" started-at="2025-01-20T16:16:15 EET" name="tearDown" finished-at="2025-01-20T16:16:16 EET" duration-ms="300" status="PASS">
          <reporter-output>
          </reporter-output>
        </test-method> <!-- tearDown -->
      </class> <!-- com.qacart.todo.testcases.DeleteTodoTest -->
      <class name="com.qacart.todo.testcases.LoginTest">
        <test-method is-config="true" signature="setup()[pri:0, instance:com.qacart.todo.testcases.LoginTest@6a400542]" started-at="2025-01-20T16:15:59 EET" name="setup" finished-at="2025-01-20T16:16:07 EET" duration-ms="8174" status="PASS">
          <reporter-output>
          </reporter-output>
        </test-method> <!-- setup -->
        <test-method signature="shouldBeAbleLoginWithEmailAndPassword()[pri:0, instance:com.qacart.todo.testcases.LoginTest@6a400542]" started-at="2025-01-20T16:16:07 EET" name="shouldBeAbleLoginWithEmailAndPassword" finished-at="2025-01-20T16:16:16 EET" duration-ms="8816" status="PASS">
          <reporter-output>
          </reporter-output>
        </test-method> <!-- shouldBeAbleLoginWithEmailAndPassword -->
        <test-method is-config="true" signature="tearDown()[pri:0, instance:com.qacart.todo.testcases.LoginTest@6a400542]" started-at="2025-01-20T16:16:16 EET" name="tearDown" finished-at="2025-01-20T16:16:18 EET" duration-ms="1729" status="PASS">
          <reporter-output>
          </reporter-output>
        </test-method> <!-- tearDown -->
      </class> <!-- com.qacart.todo.testcases.LoginTest -->
      <class name="com.qacart.todo.testcases.TodoTest">
        <test-method is-config="true" signature="setup()[pri:0, instance:com.qacart.todo.testcases.TodoTest@63355449]" started-at="2025-01-20T16:16:16 EET" name="setup" finished-at="2025-01-20T16:16:17 EET" duration-ms="1082" status="PASS">
          <reporter-output>
          </reporter-output>
        </test-method> <!-- setup -->
        <test-method signature="addTodoItem()[pri:0, instance:com.qacart.todo.testcases.TodoTest@63355449]" started-at="2025-01-20T16:16:17 EET" name="addTodoItem" finished-at="2025-01-20T16:16:19 EET" duration-ms="2523" status="PASS">
          <reporter-output>
          </reporter-output>
        </test-method> <!-- addTodoItem -->
        <test-method is-config="true" signature="tearDown()[pri:0, instance:com.qacart.todo.testcases.TodoTest@63355449]" started-at="2025-01-20T16:16:19 EET" name="tearDown" finished-at="2025-01-20T16:16:19 EET" duration-ms="169" status="PASS">
          <reporter-output>
          </reporter-output>
        </test-method> <!-- tearDown -->
      </class> <!-- com.qacart.todo.testcases.TodoTest -->
    </test> <!-- Surefire test -->
  </suite> <!-- Surefire suite -->
</testng-results>
