<?xml version="1.0" encoding="UTF-8"?>
<!-- Generated by org.testng.reporters.JUnitXMLReporter -->
<testsuite ignored="2" hostname="DESKTOP-2N5E42V" failures="0" tests="3" name="Surefire test" time="20.067" errors="0" timestamp="2025-01-20T16:16:19 EET">
  <testcase classname="com.qacart.todo.testcases.DeleteTodoTest" name="checkAbleToDeleteTodoTask" time="7.756"/>
  <testcase classname="com.qacart.todo.testcases.LoginTest" name="shouldBeAbleLoginWithEmailAndPassword" time="8.816"/>
  <testcase classname="com.qacart.todo.testcases.TodoTest" name="addTodoItem" time="2.523"/>
  <testcase classname="com.qacart.todo.testcases.TodoCookiesTest" name="addTodoItem" time="0.0">
    <ignored/>
  </testcase> <!-- addTodoItem -->
  <testcase classname="com.qacart.todo.testcases.RegisterTest" name="registerWithValidCredentials" time="0.0">
    <ignored/>
  </testcase> <!-- registerWithValidCredentials -->
</testsuite> <!-- Surefire test -->
